2025-12-26 09:06:30,760 - Pipeline - WARNING - No data file provided. Generating synthetic data for testing.
2025-12-26 09:06:30,784 - Pipeline - INFO - Created mock data: mock_data.csv
2025-12-26 09:06:30,820 - Pipeline - INFO - Ingesting 1000 records into DB for EURUSD H1
2025-12-26 09:06:31,236 - Pipeline - ERROR - Error during DB ingestion: Error binding parameter 1: type 'Timestamp' is not supported
2025-12-26 09:06:31,276 - Pipeline - CRITICAL - Pipeline Terminated: DB Ingestion failed: Error binding parameter 1: type 'Timestamp' is not supported
2025-12-26 09:06:58,614 - Pipeline - WARNING - No data file provided. Generating synthetic data for testing.
2025-12-26 09:06:58,628 - Pipeline - INFO - Created mock data: mock_data.csv
2025-12-26 09:06:58,648 - Pipeline - INFO - Ingesting 1000 records into DB for EURUSD H1
2025-12-26 09:06:59,038 - Pipeline - INFO - Ingestion completed successfully.
2025-12-26 09:06:59,041 - Pipeline - INFO - Starting ML training pipeline...
2025-12-26 09:07:00,071 - Pipeline - ERROR - Error in ML pipeline: Number of classes, 3, does not match size of target_names, 4. Try specifying the labels parameter
2025-12-26 09:07:00,072 - Pipeline - CRITICAL - Pipeline Terminated: ML Pipeline failed: Number of classes, 3, does not match size of target_names, 4. Try specifying the labels parameter
2025-12-26 09:07:25,516 - Pipeline - WARNING - No data file provided. Generating synthetic data for testing.
2025-12-26 09:07:25,535 - Pipeline - INFO - Created mock data: mock_data.csv
2025-12-26 09:07:25,561 - Pipeline - INFO - Ingesting 1000 records into DB for EURUSD H1
2025-12-26 09:07:26,030 - Pipeline - INFO - Ingestion completed successfully.
2025-12-26 09:07:26,035 - Pipeline - INFO - Starting ML training pipeline...
2025-12-26 09:07:27,094 - Pipeline - INFO - ML Model saved to .\fsm_model.joblib
2025-12-26 09:07:27,116 - Pipeline - INFO - MQL5 ML params exported to .\ml_thresholds.txt
2025-12-26 09:07:27,116 - Pipeline - INFO - Starting Bayesian Optimization pipeline...
2025-12-26 09:07:28,492 - Pipeline - INFO - Optimized thresholds exported to .\optuna_calibration.txt
2025-12-26 09:07:28,516 - Pipeline - INFO - Generating Visualization Dashboard...
2025-12-26 09:07:29,433 - Pipeline - INFO - Dashboard saved to .\dashboard.html
2025-12-26 09:09:10,074 - Pipeline - WARNING - No data file provided. Generating synthetic data for testing.
2025-12-26 09:09:10,089 - Pipeline - INFO - Created mock data: mock_data.csv
2025-12-26 09:09:10,111 - Pipeline - INFO - Ingesting 1000 records into DB for EURUSD H1
2025-12-26 09:09:10,479 - Pipeline - INFO - Ingestion completed successfully.
2025-12-26 09:09:10,483 - Pipeline - INFO - Starting ML training pipeline...
2025-12-26 09:09:11,528 - Pipeline - INFO - ML Model saved to .\fsm_model.joblib
2025-12-26 09:09:11,563 - Pipeline - INFO - MQL5 ML params exported to .\ml_thresholds.txt
2025-12-26 09:09:11,563 - Pipeline - INFO - Starting Bayesian Optimization pipeline...
2025-12-26 09:09:12,895 - Pipeline - INFO - Optimized thresholds exported to .\optuna_calibration.txt
2025-12-26 09:09:12,916 - Pipeline - INFO - Generating Visualization Dashboard...
2025-12-26 09:09:13,179 - Pipeline - INFO - Dashboard saved to .\dashboard.html
