c:\Users\acord\OneDrive\Desktop\Bot\feat_sniper_mcp\.venv\Lib\site-packages\pyiceberg\expressions\parser.py:72: DeprecationWarning: 'enablePackrat' deprecated - use 'enable_packrat'
  ParserElement.enablePackrat()
c:\Users\acord\OneDrive\Desktop\Bot\feat_sniper_mcp\.venv\Lib\site-packages\pyiceberg\expressions\parser.py:85: DeprecationWarning: 'escChar' argument is deprecated, use 'esc_char'
  quoted_identifier = QuotedString('"', escChar="\\", unquoteResults=True)
c:\Users\acord\OneDrive\Desktop\Bot\feat_sniper_mcp\.venv\Lib\site-packages\pyiceberg\expressions\parser.py:85: DeprecationWarning: 'unquoteResults' argument is deprecated, use 'unquote_results'
  quoted_identifier = QuotedString('"', escChar="\\", unquoteResults=True)
c:\Users\acord\OneDrive\Desktop\Bot\feat_sniper_mcp\.venv\Lib\site-packages\pyiceberg\table\metadata.py:365: PydanticDeprecatedSince212: Using `@model_validator` with mode='after' on a classmethod is deprecated. Instead, use an instance method. See the documentation at https://docs.pydantic.dev/2.12/concepts/validators/#model-after-validator. Deprecated in Pydantic V2.12 to be removed in V3.0.
  @model_validator(mode="after")
c:\Users\acord\OneDrive\Desktop\Bot\feat_sniper_mcp\.venv\Lib\site-packages\pyiceberg\table\metadata.py:494: PydanticDeprecatedSince212: Using `@model_validator` with mode='after' on a classmethod is deprecated. Instead, use an instance method. See the documentation at https://docs.pydantic.dev/2.12/concepts/validators/#model-after-validator. Deprecated in Pydantic V2.12 to be removed in V3.0.
  @model_validator(mode="after")
c:\Users\acord\OneDrive\Desktop\Bot\feat_sniper_mcp\.venv\Lib\site-packages\pyiceberg\table\metadata.py:498: PydanticDeprecatedSince212: Using `@model_validator` with mode='after' on a classmethod is deprecated. Instead, use an instance method. See the documentation at https://docs.pydantic.dev/2.12/concepts/validators/#model-after-validator. Deprecated in Pydantic V2.12 to be removed in V3.0.
  @model_validator(mode="after")
c:\Users\acord\OneDrive\Desktop\Bot\feat_sniper_mcp\.venv\Lib\site-packages\pyiceberg\table\metadata.py:502: PydanticDeprecatedSince212: Using `@model_validator` with mode='after' on a classmethod is deprecated. Instead, use an instance method. See the documentation at https://docs.pydantic.dev/2.12/concepts/validators/#model-after-validator. Deprecated in Pydantic V2.12 to be removed in V3.0.
  @model_validator(mode="after")
c:\Users\acord\OneDrive\Desktop\Bot\feat_sniper_mcp\.venv\Lib\site-packages\pyiceberg\table\metadata.py:506: PydanticDeprecatedSince212: Using `@model_validator` with mode='after' on a classmethod is deprecated. Instead, use an instance method. See the documentation at https://docs.pydantic.dev/2.12/concepts/validators/#model-after-validator. Deprecated in Pydantic V2.12 to be removed in V3.0.
  @model_validator(mode="after")
c:\Users\acord\OneDrive\Desktop\Bot\feat_sniper_mcp\.venv\Lib\site-packages\pyiceberg\table\metadata.py:538: PydanticDeprecatedSince212: Using `@model_validator` with mode='after' on a classmethod is deprecated. Instead, use an instance method. See the documentation at https://docs.pydantic.dev/2.12/concepts/validators/#model-after-validator. Deprecated in Pydantic V2.12 to be removed in V3.0.
  @model_validator(mode="after")
c:\Users\acord\OneDrive\Desktop\Bot\feat_sniper_mcp\.venv\Lib\site-packages\pyiceberg\table\metadata.py:542: PydanticDeprecatedSince212: Using `@model_validator` with mode='after' on a classmethod is deprecated. Instead, use an instance method. See the documentation at https://docs.pydantic.dev/2.12/concepts/validators/#model-after-validator. Deprecated in Pydantic V2.12 to be removed in V3.0.
  @model_validator(mode="after")
c:\Users\acord\OneDrive\Desktop\Bot\feat_sniper_mcp\.venv\Lib\site-packages\pyiceberg\table\metadata.py:546: PydanticDeprecatedSince212: Using `@model_validator` with mode='after' on a classmethod is deprecated. Instead, use an instance method. See the documentation at https://docs.pydantic.dev/2.12/concepts/validators/#model-after-validator. Deprecated in Pydantic V2.12 to be removed in V3.0.
  @model_validator(mode="after")
c:\Users\acord\OneDrive\Desktop\Bot\feat_sniper_mcp\.venv\Lib\site-packages\pyiceberg\table\metadata.py:550: PydanticDeprecatedSince212: Using `@model_validator` with mode='after' on a classmethod is deprecated. Instead, use an instance method. See the documentation at https://docs.pydantic.dev/2.12/concepts/validators/#model-after-validator. Deprecated in Pydantic V2.12 to be removed in V3.0.
  @model_validator(mode="after")
Traceback (most recent call last):
  File "C:\Users\acord\OneDrive\Desktop\Bot\feat_sniper_mcp\mcp_server.py", line 235, in <module>
    hybrid_model = HybridModel()
  File "C:\Users\acord\OneDrive\Desktop\Bot\feat_sniper_mcp\nexus_brain\hybrid_model.py", line 217, in __init__
    print("\u26a0\ufe0f Checkpoint is a raw state_dict, no stats available.")
    ~~~~~^^^^^^^^^^^^^^^^^^^^^^^^^^^^^^^^^^^^^^^^^^^^^^^^^^^^^^^^^^
  File "C:\Users\acord\AppData\Local\Programs\Python\Python313\Lib\encodings\cp1252.py", line 19, in encode
    return codecs.charmap_encode(input,self.errors,encoding_table)[0]
           ~~~~~~~~~~~~~~~~~~~~~^^^^^^^^^^^^^^^^^^^^^^^^^^^^^^^^^^
UnicodeEncodeError: 'charmap' codec can't encode characters in position 0-1: character maps to <undefined>
